<?xml version="1.0" encoding="UTF-8"?>
<!-- Generated by org.testng.reporters.JUnitXMLReporter -->
<testsuite ignored="0" hostname="Moneers-MacBook-Pro.local" failures="0" tests="15" name="Default test" time="8.085" errors="0" timestamp="2024-12-04T16:08:05 PST">
  <testcase classname="api.test.DDTests" name="testPostUser" time="1.232"/>
  <testcase classname="api.test.DDTests" name="testPostUser" time="0.43"/>
  <testcase classname="api.test.DDTests" name="testPostUser" time="0.444"/>
  <testcase classname="api.test.DDTests" name="testPostUser" time="0.443"/>
  <testcase classname="api.test.DDTests" name="testPostUser" time="0.432"/>
  <testcase classname="api.test.DDTests" name="testReadUserByName" time="0.468"/>
  <testcase classname="api.test.DDTests" name="testReadUserByName" time="0.44"/>
  <testcase classname="api.test.DDTests" name="testReadUserByName" time="0.434"/>
  <testcase classname="api.test.DDTests" name="testReadUserByName" time="0.436"/>
  <testcase classname="api.test.DDTests" name="testReadUserByName" time="0.458"/>
  <testcase classname="api.test.DDTests" name="testDeleteUserByName" time="0.422"/>
  <testcase classname="api.test.DDTests" name="testDeleteUserByName" time="0.42"/>
  <testcase classname="api.test.DDTests" name="testDeleteUserByName" time="0.433"/>
  <testcase classname="api.test.DDTests" name="testDeleteUserByName" time="0.425"/>
  <testcase classname="api.test.DDTests" name="testDeleteUserByName" time="0.424"/>
</testsuite> <!-- Default test -->
