<?xml version="1.0" encoding="UTF-8"?>
<testsuite xmlns:xsi="http://www.w3.org/2001/XMLSchema-instance" xsi:noNamespaceSchemaLocation="https://maven.apache.org/surefire/maven-surefire-plugin/xsd/surefire-test-report.xsd" version="3.0.2" name="TestSuite" time="3.824" tests="4" errors="0" skipped="0" failures="0">
  <properties>
[...]
</properties>
  <testcase name="testPostUser" classname="api.test.UserTest2" time="1.364">
    <system-out><![CDATA[HTTP/1.1 200 OK
Date: Thu, 05 Dec 2024 07:52:31 GMT
Content-Type: application/json
Transfer-Encoding: chunked
Connection: keep-alive
Access-Control-Allow-Origin: *
Access-Control-Allow-Methods: GET, POST, DELETE, PUT
Access-Control-Allow-Headers: Content-Type, api_key, Authorization
Server: Jetty(9.2.9.v20150224)

{
    "code": 200,
    "type": "unknown",
    "message": "129498568"
}
]]></system-out>
    <system-err><![CDATA[SLF4J: Failed to load class "org.slf4j.impl.StaticLoggerBinder".
SLF4J: Defaulting to no-operation (NOP) logger implementation
SLF4J: See http://www.slf4j.org/codes.html#StaticLoggerBinder for further details.
]]></system-err>
  </testcase>
  <testcase name="testGetUserByName" classname="api.test.UserTest2" time="0.456">
    <system-out><![CDATA[HTTP/1.1 200 OK
Date: Thu, 05 Dec 2024 07:52:32 GMT
Content-Type: application/json
Transfer-Encoding: chunked
Connection: keep-alive
Access-Control-Allow-Origin: *
Access-Control-Allow-Methods: GET, POST, DELETE, PUT
Access-Control-Allow-Headers: Content-Type, api_key, Authorization
Server: Jetty(9.2.9.v20150224)

{
    "id": 129498568,
    "username": "harley.oreilly",
    "firstName": "Norris",
    "lastName": "Carroll",
    "email": "micaela.kilback@example.com",
    "password": "6m0nzun3s",
    "phone": "959-510-3104",
    "userStatus": 0
}
]]></system-out>
  </testcase>
  <testcase name="testUpdatetUserByName" classname="api.test.UserTest2" time="0.997">
    <system-out><![CDATA[{
    "code": 200,
    "type": "unknown",
    "message": "129498568"
}
]]></system-out>
  </testcase>
  <testcase name="testDeleteUserByName" classname="api.test.UserTest2" time="0.44"/>
</testsuite>