<?xml version="1.0" encoding="UTF-8"?>
<testng-results ignored="0" total="4" passed="4" failed="0" skipped="0">
  <reporter-output>
  </reporter-output>
  <suite started-at="2024-12-04T19:36:00 PST" name="PetSuite" finished-at="2024-12-04T19:36:04 PST" duration-ms="3616">
    <groups>
    </groups>
    <test started-at="2024-12-04T19:36:00 PST" name="PetTests" finished-at="2024-12-04T19:36:04 PST" duration-ms="3616">
      <class name="api.test.UserTest2">
        <test-method is-config="true" signature="setUp()[pri:0, instance:api.test.UserTest2@13c9d689]" started-at="2024-12-04T19:36:00 PST" name="setUp" finished-at="2024-12-04T19:36:00 PST" duration-ms="245" status="PASS">
          <reporter-output>
          </reporter-output>
        </test-method> <!-- setUp -->
        <test-method signature="testPostUser()[pri:1, instance:api.test.UserTest2@13c9d689]" started-at="2024-12-04T19:36:00 PST" name="testPostUser" finished-at="2024-12-04T19:36:02 PST" duration-ms="1438" status="PASS">
          <reporter-output>
          </reporter-output>
        </test-method> <!-- testPostUser -->
        <test-method signature="testGetUserByName()[pri:2, instance:api.test.UserTest2@13c9d689]" started-at="2024-12-04T19:36:02 PST" name="testGetUserByName" finished-at="2024-12-04T19:36:02 PST" duration-ms="442" status="PASS">
          <reporter-output>
          </reporter-output>
        </test-method> <!-- testGetUserByName -->
        <test-method signature="testUpdatetUserByName()[pri:3, instance:api.test.UserTest2@13c9d689]" started-at="2024-12-04T19:36:02 PST" name="testUpdatetUserByName" finished-at="2024-12-04T19:36:03 PST" duration-ms="903" status="PASS">
          <reporter-output>
          </reporter-output>
        </test-method> <!-- testUpdatetUserByName -->
        <test-method signature="testDeleteUserByName()[pri:4, instance:api.test.UserTest2@13c9d689]" started-at="2024-12-04T19:36:03 PST" name="testDeleteUserByName" finished-at="2024-12-04T19:36:04 PST" duration-ms="442" status="PASS">
          <reporter-output>
          </reporter-output>
        </test-method> <!-- testDeleteUserByName -->
      </class> <!-- api.test.UserTest2 -->
    </test> <!-- PetTests -->
  </suite> <!-- PetSuite -->
</testng-results>
