<?xml version="1.0" encoding="UTF-8"?>
<testng-results ignored="0" total="15" passed="15" failed="0" skipped="0">
  <reporter-output>
  </reporter-output>
  <suite started-at="2024-12-04T23:54:28 PST" name="PetSuite" finished-at="2024-12-04T23:54:36 PST" duration-ms="8447">
    <groups>
    </groups>
    <test started-at="2024-12-04T23:54:28 PST" name="PetTests" finished-at="2024-12-04T23:54:36 PST" duration-ms="8447">
      <class name="api.test.DDTests">
        <test-method signature="testPostUser(java.lang.String,java.lang.String,java.lang.String,java.lang.String,java.lang.String,java.lang.String,java.lang.String)[pri:1, instance:api.test.DDTests@3c19aaa5]" started-at="2024-12-04T23:54:28 PST" name="testPostUser" data-provider="Data" finished-at="2024-12-04T23:54:30 PST" duration-ms="1352" status="PASS">
          <params>
            <param index="0">
              <value>
                <![CDATA[1010]]>
              </value>
            </param>
            <param index="1">
              <value>
                <![CDATA[testuser1]]>
              </value>
            </param>
            <param index="2">
              <value>
                <![CDATA[moneer]]>
              </value>
            </param>
            <param index="3">
              <value>
                <![CDATA[fazly]]>
              </value>
            </param>
            <param index="4">
              <value>
                <![CDATA[moneer@gmail.com]]>
              </value>
            </param>
            <param index="5">
              <value>
                <![CDATA[test@1]]>
              </value>
            </param>
            <param index="6">
              <value>
                <![CDATA[12345]]>
              </value>
            </param>
          </params>
          <reporter-output>
          </reporter-output>
        </test-method> <!-- testPostUser -->
        <test-method signature="testPostUser(java.lang.String,java.lang.String,java.lang.String,java.lang.String,java.lang.String,java.lang.String,java.lang.String)[pri:1, instance:api.test.DDTests@3c19aaa5]" started-at="2024-12-04T23:54:30 PST" name="testPostUser" data-provider="Data" finished-at="2024-12-04T23:54:30 PST" duration-ms="454" status="PASS">
          <params>
            <param index="0">
              <value>
                <![CDATA[1020]]>
              </value>
            </param>
            <param index="1">
              <value>
                <![CDATA[testuser2]]>
              </value>
            </param>
            <param index="2">
              <value>
                <![CDATA[zabi]]>
              </value>
            </param>
            <param index="3">
              <value>
                <![CDATA[fazly]]>
              </value>
            </param>
            <param index="4">
              <value>
                <![CDATA[zabi@gmail.com]]>
              </value>
            </param>
            <param index="5">
              <value>
                <![CDATA[test@2]]>
              </value>
            </param>
            <param index="6">
              <value>
                <![CDATA[123456]]>
              </value>
            </param>
          </params>
          <reporter-output>
          </reporter-output>
        </test-method> <!-- testPostUser -->
        <test-method signature="testPostUser(java.lang.String,java.lang.String,java.lang.String,java.lang.String,java.lang.String,java.lang.String,java.lang.String)[pri:1, instance:api.test.DDTests@3c19aaa5]" started-at="2024-12-04T23:54:30 PST" name="testPostUser" data-provider="Data" finished-at="2024-12-04T23:54:31 PST" duration-ms="445" status="PASS">
          <params>
            <param index="0">
              <value>
                <![CDATA[1030]]>
              </value>
            </param>
            <param index="1">
              <value>
                <![CDATA[testuser3]]>
              </value>
            </param>
            <param index="2">
              <value>
                <![CDATA[ramin]]>
              </value>
            </param>
            <param index="3">
              <value>
                <![CDATA[azizi]]>
              </value>
            </param>
            <param index="4">
              <value>
                <![CDATA[ramin@gmail.com]]>
              </value>
            </param>
            <param index="5">
              <value>
                <![CDATA[test@3]]>
              </value>
            </param>
            <param index="6">
              <value>
                <![CDATA[1234567]]>
              </value>
            </param>
          </params>
          <reporter-output>
          </reporter-output>
        </test-method> <!-- testPostUser -->
        <test-method signature="testPostUser(java.lang.String,java.lang.String,java.lang.String,java.lang.String,java.lang.String,java.lang.String,java.lang.String)[pri:1, instance:api.test.DDTests@3c19aaa5]" started-at="2024-12-04T23:54:31 PST" name="testPostUser" data-provider="Data" finished-at="2024-12-04T23:54:31 PST" duration-ms="458" status="PASS">
          <params>
            <param index="0">
              <value>
                <![CDATA[1040]]>
              </value>
            </param>
            <param index="1">
              <value>
                <![CDATA[testuser4]]>
              </value>
            </param>
            <param index="2">
              <value>
                <![CDATA[masoud]]>
              </value>
            </param>
            <param index="3">
              <value>
                <![CDATA[rahimi]]>
              </value>
            </param>
            <param index="4">
              <value>
                <![CDATA[masoud@gmail.com]]>
              </value>
            </param>
            <param index="5">
              <value>
                <![CDATA[test@4]]>
              </value>
            </param>
            <param index="6">
              <value>
                <![CDATA[12345678]]>
              </value>
            </param>
          </params>
          <reporter-output>
          </reporter-output>
        </test-method> <!-- testPostUser -->
        <test-method signature="testPostUser(java.lang.String,java.lang.String,java.lang.String,java.lang.String,java.lang.String,java.lang.String,java.lang.String)[pri:1, instance:api.test.DDTests@3c19aaa5]" started-at="2024-12-04T23:54:31 PST" name="testPostUser" data-provider="Data" finished-at="2024-12-04T23:54:31 PST" duration-ms="458" status="PASS">
          <params>
            <param index="0">
              <value>
                <![CDATA[1050]]>
              </value>
            </param>
            <param index="1">
              <value>
                <![CDATA[testuser5]]>
              </value>
            </param>
            <param index="2">
              <value>
                <![CDATA[mateen]]>
              </value>
            </param>
            <param index="3">
              <value>
                <![CDATA[danish]]>
              </value>
            </param>
            <param index="4">
              <value>
                <![CDATA[mateen@gmail.com]]>
              </value>
            </param>
            <param index="5">
              <value>
                <![CDATA[test@5]]>
              </value>
            </param>
            <param index="6">
              <value>
                <![CDATA[123456789]]>
              </value>
            </param>
          </params>
          <reporter-output>
          </reporter-output>
        </test-method> <!-- testPostUser -->
        <test-method signature="testReadUserByName(java.lang.String)[pri:2, instance:api.test.DDTests@3c19aaa5]" started-at="2024-12-04T23:54:32 PST" name="testReadUserByName" data-provider="UserNames" finished-at="2024-12-04T23:54:32 PST" duration-ms="482" status="PASS">
          <params>
            <param index="0">
              <value>
                <![CDATA[testuser1]]>
              </value>
            </param>
          </params>
          <reporter-output>
          </reporter-output>
        </test-method> <!-- testReadUserByName -->
        <test-method signature="testReadUserByName(java.lang.String)[pri:2, instance:api.test.DDTests@3c19aaa5]" started-at="2024-12-04T23:54:32 PST" name="testReadUserByName" data-provider="UserNames" finished-at="2024-12-04T23:54:33 PST" duration-ms="547" status="PASS">
          <params>
            <param index="0">
              <value>
                <![CDATA[testuser2]]>
              </value>
            </param>
          </params>
          <reporter-output>
          </reporter-output>
        </test-method> <!-- testReadUserByName -->
        <test-method signature="testReadUserByName(java.lang.String)[pri:2, instance:api.test.DDTests@3c19aaa5]" started-at="2024-12-04T23:54:33 PST" name="testReadUserByName" data-provider="UserNames" finished-at="2024-12-04T23:54:33 PST" duration-ms="425" status="PASS">
          <params>
            <param index="0">
              <value>
                <![CDATA[testuser3]]>
              </value>
            </param>
          </params>
          <reporter-output>
          </reporter-output>
        </test-method> <!-- testReadUserByName -->
        <test-method signature="testReadUserByName(java.lang.String)[pri:2, instance:api.test.DDTests@3c19aaa5]" started-at="2024-12-04T23:54:33 PST" name="testReadUserByName" data-provider="UserNames" finished-at="2024-12-04T23:54:33 PST" duration-ms="443" status="PASS">
          <params>
            <param index="0">
              <value>
                <![CDATA[testuser4]]>
              </value>
            </param>
          </params>
          <reporter-output>
          </reporter-output>
        </test-method> <!-- testReadUserByName -->
        <test-method signature="testReadUserByName(java.lang.String)[pri:2, instance:api.test.DDTests@3c19aaa5]" started-at="2024-12-04T23:54:33 PST" name="testReadUserByName" data-provider="UserNames" finished-at="2024-12-04T23:54:34 PST" duration-ms="426" status="PASS">
          <params>
            <param index="0">
              <value>
                <![CDATA[testuser5]]>
              </value>
            </param>
          </params>
          <reporter-output>
          </reporter-output>
        </test-method> <!-- testReadUserByName -->
        <test-method signature="testDeleteUserByName(java.lang.String)[pri:3, instance:api.test.DDTests@3c19aaa5]" started-at="2024-12-04T23:54:34 PST" name="testDeleteUserByName" data-provider="UserNames" finished-at="2024-12-04T23:54:34 PST" duration-ms="426" status="PASS">
          <params>
            <param index="0">
              <value>
                <![CDATA[testuser1]]>
              </value>
            </param>
          </params>
          <reporter-output>
          </reporter-output>
        </test-method> <!-- testDeleteUserByName -->
        <test-method signature="testDeleteUserByName(java.lang.String)[pri:3, instance:api.test.DDTests@3c19aaa5]" started-at="2024-12-04T23:54:34 PST" name="testDeleteUserByName" data-provider="UserNames" finished-at="2024-12-04T23:54:35 PST" duration-ms="429" status="PASS">
          <params>
            <param index="0">
              <value>
                <![CDATA[testuser2]]>
              </value>
            </param>
          </params>
          <reporter-output>
          </reporter-output>
        </test-method> <!-- testDeleteUserByName -->
        <test-method signature="testDeleteUserByName(java.lang.String)[pri:3, instance:api.test.DDTests@3c19aaa5]" started-at="2024-12-04T23:54:35 PST" name="testDeleteUserByName" data-provider="UserNames" finished-at="2024-12-04T23:54:35 PST" duration-ms="453" status="PASS">
          <params>
            <param index="0">
              <value>
                <![CDATA[testuser3]]>
              </value>
            </param>
          </params>
          <reporter-output>
          </reporter-output>
        </test-method> <!-- testDeleteUserByName -->
        <test-method signature="testDeleteUserByName(java.lang.String)[pri:3, instance:api.test.DDTests@3c19aaa5]" started-at="2024-12-04T23:54:35 PST" name="testDeleteUserByName" data-provider="UserNames" finished-at="2024-12-04T23:54:36 PST" duration-ms="428" status="PASS">
          <params>
            <param index="0">
              <value>
                <![CDATA[testuser4]]>
              </value>
            </param>
          </params>
          <reporter-output>
          </reporter-output>
        </test-method> <!-- testDeleteUserByName -->
        <test-method signature="testDeleteUserByName(java.lang.String)[pri:3, instance:api.test.DDTests@3c19aaa5]" started-at="2024-12-04T23:54:36 PST" name="testDeleteUserByName" data-provider="UserNames" finished-at="2024-12-04T23:54:36 PST" duration-ms="421" status="PASS">
          <params>
            <param index="0">
              <value>
                <![CDATA[testuser5]]>
              </value>
            </param>
          </params>
          <reporter-output>
          </reporter-output>
        </test-method> <!-- testDeleteUserByName -->
      </class> <!-- api.test.DDTests -->
    </test> <!-- PetTests -->
  </suite> <!-- PetSuite -->
</testng-results>
