<?xml version="1.0" encoding="UTF-8"?>
<!-- Generated by org.testng.reporters.JUnitXMLReporter -->
<testsuite ignored="0" hostname="Moneers-MacBook-Pro.local" failures="0" tests="4" name="PetTests" time="7.011" errors="0" timestamp="2024-12-04T21:08:55 PST">
  <testcase classname="api.test.UserTest2" name="testPostUser" time="3.702"/>
  <testcase classname="api.test.UserTest2" name="testGetUserByName" time="0.584"/>
  <testcase classname="api.test.UserTest2" name="testUpdatetUserByName" time="0.984"/>
  <testcase classname="api.test.UserTest2" name="testDeleteUserByName" time="0.478"/>
</testsuite> <!-- PetTests -->
