<?xml version="1.0" encoding="UTF-8"?>
<!-- Generated by org.testng.reporters.JUnitXMLReporter -->
<testsuite ignored="0" hostname="Moneers-MacBook-Pro.local" failures="0" tests="4" name="PetTests" time="3.616" errors="0" timestamp="2024-12-04T19:36:04 PST">
  <testcase classname="api.test.UserTest2" name="testPostUser" time="1.438"/>
  <testcase classname="api.test.UserTest2" name="testGetUserByName" time="0.442"/>
  <testcase classname="api.test.UserTest2" name="testUpdatetUserByName" time="0.903"/>
  <testcase classname="api.test.UserTest2" name="testDeleteUserByName" time="0.442"/>
</testsuite> <!-- PetTests -->
